{"C:\\Users\\MAKSIM HOTSAVAGE PC\\Developer\\my-spotify-web\\src\\shared\\libs\\sum\\sum.ts": {"path":"C:\\Users\\MAKSIM HOTSAVAGE PC\\Developer\\my-spotify-web\\src\\shared\\libs\\sum\\sum.ts","statementMap":{"0":{"start":{"line":1,"column":19},"end":{"line":3,"column":1}},"1":{"start":{"line":2,"column":2},"end":{"line":2,"column":15}}},"fnMap":{"0":{"name":"(anonymous_0)","decl":{"start":{"line":1,"column":19},"end":{"line":1,"column":20}},"loc":{"start":{"line":1,"column":45},"end":{"line":3,"column":1}},"line":1}},"branchMap":{},"s":{"0":1,"1":1},"f":{"0":1},"b":{},"_coverageSchema":"1a1c01bbd47fc00a2c39e90264f33305004495a9","hash":"8c4de5fff2de143bf96ddca581e830c64cc2a07b"}
}
